Using pre-set license

 COMMAND LINE ARGUMENTS:
/Applications/Unity/Unity.app/Contents/MacOS/Unity
-adb2
-batchMode
-noUpm
-name
AssetImportWorker2
-projectPath
/Users/calebdee-rakower/CalebDeeRakower_MTEC2210_final_project/Final Project
-logFile
Logs/AssetImportWorker2.log
-srvPort
63401
Successfully changed project path to: /Users/calebdee-rakower/CalebDeeRakower_MTEC2210_final_project/Final Project
/Users/calebdee-rakower/CalebDeeRakower_MTEC2210_final_project/Final Project
Using Asset Import Pipeline V2.
Refreshing native plugins compatible for Editor in 41.59 ms, found 2 plugins.
Preloading 0 native plugins for Editor in 0.00 ms.
Initialize engine version: 2020.3.0f1 (c7b5465681fb)
[Subsystems] Discovering subsystems at path /Applications/Unity/Unity.app/Contents/Resources/UnitySubsystems
[Subsystems] Discovering subsystems at path /Users/calebdee-rakower/CalebDeeRakower_MTEC2210_final_project/Final Project/Assets
GfxDevice: creating device client; threaded=0
2021-12-19 16:21:01.645 Unity[84328:3186128] Color LCD preferred device: Intel(R) UHD Graphics 630 (low power)
2021-12-19 16:21:01.645 Unity[84328:3186128] Metal devices available: 2
2021-12-19 16:21:01.645 Unity[84328:3186128] 0: AMD Radeon Pro 555X (high power)
2021-12-19 16:21:01.645 Unity[84328:3186128] 1: Intel(R) UHD Graphics 630 (low power)
2021-12-19 16:21:01.652 Unity[84328:3186128] Using device AMD Radeon Pro 555X (high power)
Initializing Metal device caps: AMD Radeon Pro 555X
Initialize mono
Mono path[0] = '/Applications/Unity/Unity.app/Contents/Managed'
Mono path[1] = '/Applications/Unity/Unity.app/Contents/MonoBleedingEdge/lib/mono/unityjit'
Mono config path = '/Applications/Unity/Unity.app/Contents/MonoBleedingEdge/etc'
Using monoOptions --debugger-agent=transport=dt_socket,embedding=1,server=y,suspend=n,address=127.0.0.1:56328
Begin MonoManager ReloadAssembly
Registering precompiled unity dll's ...
Register platform support module: /Applications/Unity/Unity.app/Contents/PlaybackEngines/MacStandaloneSupport/UnityEditor.OSXStandalone.Extensions.dll
Registered in 0.001178 seconds.
Native extension for OSXStandalone target not found
Refreshing native plugins compatible for Editor in 32.51 ms, found 2 plugins.
Preloading 0 native plugins for Editor in 0.00 ms.
Invoked RoslynAnalysisRunner static constructor.
RoslynAnalysisRunner will not be running.
RoslynAnalysisRunner has terminated.
Mono: successfully reloaded assembly
- Completed reload, in  2.289 seconds
Platform modules already initialized, skipping
Registering precompiled user dll's ...
Registered in 0.000572 seconds.
Begin MonoManager ReloadAssembly
Native extension for OSXStandalone target not found
Refreshing native plugins compatible for Editor in 32.83 ms, found 2 plugins.
Preloading 0 native plugins for Editor in 0.00 ms.
Invoked RoslynAnalysisRunner static constructor.
RoslynAnalysisRunner will not be running.
RoslynAnalysisRunner has terminated.
Mono: successfully reloaded assembly
- Completed reload, in  0.865 seconds
Platform modules already initialized, skipping
========================================================================
Worker process is ready to serve import requests
Launching external process: /Applications/Unity/Unity.app/Contents/Tools/UnityShaderCompiler
Launched and connected shader compiler UnityShaderCompiler after 0.20 seconds
Refreshing native plugins compatible for Editor in 0.37 ms, found 2 plugins.
Preloading 0 native plugins for Editor in 0.00 ms.
Unloading 1812 Unused Serialized files (Serialized files now loaded: 0)
System memory in use before: 170.9 MB.
System memory in use after: 170.9 MB.

Unloading 24 unused Assets to reduce memory usage. Loaded Objects now: 2255.
Total: 2.754859 ms (FindLiveObjects: 0.242702 ms CreateObjectMapping: 0.089086 ms MarkObjects: 2.253570 ms  DeleteObjects: 0.168294 ms)

========================================================================
Received Import Request.
  path: Assets/Audio
  artifactKey: Guid(b2210b8efc37446e89247e57787deb5d) Importer(815301076,1909f56bfc062723c751e8b465ee728b)
Start importing Assets/Audio using Guid(b2210b8efc37446e89247e57787deb5d) Importer(815301076,1909f56bfc062723c751e8b465ee728b)  -> (artifact id: 'f5b4ed306ca3246c3e9812736bba6ce4') in 0.004844 seconds
  Import took 0.008301 seconds .

========================================================================
Received Import Request.
  Time since last request: 210.103357 seconds.
  path: Assets/Yellow SOUL shoot.wav
  artifactKey: Guid(9ccee49d8d7d547dca3f9730fb824498) Importer(815301076,1909f56bfc062723c751e8b465ee728b)
Start importing Assets/Yellow SOUL shoot.wav using Guid(9ccee49d8d7d547dca3f9730fb824498) Importer(815301076,1909f56bfc062723c751e8b465ee728b)  -> (artifact id: 'aebbcd92f46fea7be35249ad05951666') in 1.249080 seconds
  Import took 1.260957 seconds .

========================================================================
Received Import Request.
  Time since last request: 27.816330 seconds.
  path: Assets/Audio/deltarune explosion greenscreen.mp3
  artifactKey: Guid(66d5f78dd29b345339f150303fe30885) Importer(815301076,1909f56bfc062723c751e8b465ee728b)
Start importing Assets/Audio/deltarune explosion greenscreen.mp3 using Guid(66d5f78dd29b345339f150303fe30885) Importer(815301076,1909f56bfc062723c751e8b465ee728b)  -> (artifact id: '3a604dfdc83f9ccd12c5cee2ee091968') in 1.270508 seconds
  Import took 1.274186 seconds .

========================================================================
Received Prepare
Registering precompiled user dll's ...
Registered in 0.001743 seconds.
Begin MonoManager ReloadAssembly
Native extension for OSXStandalone target not found
Refreshing native plugins compatible for Editor in 0.32 ms, found 2 plugins.
Preloading 0 native plugins for Editor in 0.00 ms.
Invoked RoslynAnalysisRunner static constructor.
RoslynAnalysisRunner will not be running.
RoslynAnalysisRunner has terminated.
Mono: successfully reloaded assembly
- Completed reload, in  0.812 seconds
Platform modules already initialized, skipping
Refreshing native plugins compatible for Editor in 0.35 ms, found 2 plugins.
Preloading 0 native plugins for Editor in 0.00 ms.
Unloading 1807 Unused Serialized files (Serialized files now loaded: 0)
System memory in use before: 182.9 MB.
System memory in use after: 182.9 MB.

Unloading 12 unused Assets to reduce memory usage. Loaded Objects now: 2268.
Total: 2.290460 ms (FindLiveObjects: 0.274963 ms CreateObjectMapping: 0.089098 ms MarkObjects: 1.829050 ms  DeleteObjects: 0.095527 ms)

========================================================================
Received Prepare
Registering precompiled user dll's ...
Registered in 0.001494 seconds.
Begin MonoManager ReloadAssembly
Native extension for OSXStandalone target not found
Refreshing native plugins compatible for Editor in 0.32 ms, found 2 plugins.
Preloading 0 native plugins for Editor in 0.00 ms.
Invoked RoslynAnalysisRunner static constructor.
RoslynAnalysisRunner will not be running.
RoslynAnalysisRunner has terminated.
Mono: successfully reloaded assembly
- Completed reload, in  0.880 seconds
Platform modules already initialized, skipping
Refreshing native plugins compatible for Editor in 0.31 ms, found 2 plugins.
Preloading 0 native plugins for Editor in 0.00 ms.
Unloading 1807 Unused Serialized files (Serialized files now loaded: 0)
System memory in use before: 183.1 MB.
System memory in use after: 183.1 MB.

Unloading 12 unused Assets to reduce memory usage. Loaded Objects now: 2272.
Total: 1.833024 ms (FindLiveObjects: 0.194128 ms CreateObjectMapping: 0.055905 ms MarkObjects: 1.487068 ms  DeleteObjects: 0.083925 ms)

========================================================================
Received Import Request.
  Time since last request: 521.288936 seconds.
  path: Assets/Prefabs/EnemyBullet.prefab
  artifactKey: Guid(96671812691ee4f13aaf0d56fd8f8df7) Importer(815301076,1909f56bfc062723c751e8b465ee728b)
Start importing Assets/Prefabs/EnemyBullet.prefab using Guid(96671812691ee4f13aaf0d56fd8f8df7) Importer(815301076,1909f56bfc062723c751e8b465ee728b)  -> (artifact id: 'e7d6eaeb72e019520af32ecb682932f1') in 0.913787 seconds
  Import took 0.918798 seconds .

========================================================================
Received Import Request.
  Time since last request: 0.000276 seconds.
  path: Assets/Prefabs/PlayerBullet.prefab
  artifactKey: Guid(11ceb99182879430aa10659bdcf56d49) Importer(815301076,1909f56bfc062723c751e8b465ee728b)
Start importing Assets/Prefabs/PlayerBullet.prefab using Guid(11ceb99182879430aa10659bdcf56d49) Importer(815301076,1909f56bfc062723c751e8b465ee728b)  -> (artifact id: '19c2864e0071e07e7fdd6ae44c099a32') in 0.011191 seconds
  Import took 0.014503 seconds .

========================================================================
Received Import Request.
  Time since last request: 35.677707 seconds.
  path: Assets/Prefabs/PlayerBullet.prefab
  artifactKey: Guid(11ceb99182879430aa10659bdcf56d49) Importer(815301076,1909f56bfc062723c751e8b465ee728b)
Start importing Assets/Prefabs/PlayerBullet.prefab using Guid(11ceb99182879430aa10659bdcf56d49) Importer(815301076,1909f56bfc062723c751e8b465ee728b)  -> (artifact id: 'a6544695fc606200f53bfb5f3d9257c3') in 0.025138 seconds
  Import took 0.028830 seconds .

========================================================================
Received Import Request.
  Time since last request: 3.988873 seconds.
  path: Assets/Prefabs/PlayerBullet.prefab
  artifactKey: Guid(11ceb99182879430aa10659bdcf56d49) Importer(815301076,1909f56bfc062723c751e8b465ee728b)
Start importing Assets/Prefabs/PlayerBullet.prefab using Guid(11ceb99182879430aa10659bdcf56d49) Importer(815301076,1909f56bfc062723c751e8b465ee728b)  -> (artifact id: '1098285eb80455d90bd40ff73d0148e6') in 0.013910 seconds
  Import took 0.018590 seconds .

========================================================================
Received Import Request.
  Time since last request: 2.411825 seconds.
  path: Assets/Prefabs/PlayerBullet.prefab
  artifactKey: Guid(11ceb99182879430aa10659bdcf56d49) Importer(815301076,1909f56bfc062723c751e8b465ee728b)
Start importing Assets/Prefabs/PlayerBullet.prefab using Guid(11ceb99182879430aa10659bdcf56d49) Importer(815301076,1909f56bfc062723c751e8b465ee728b)  -> (artifact id: 'b1455d09c2b7e16dc1a504e6f3c79bff') in 0.009645 seconds
  Import took 0.014675 seconds .

========================================================================
Received Import Request.
  Time since last request: 6.084947 seconds.
  path: Assets/Prefabs/PlayerBullet.prefab
  artifactKey: Guid(11ceb99182879430aa10659bdcf56d49) Importer(815301076,1909f56bfc062723c751e8b465ee728b)
Start importing Assets/Prefabs/PlayerBullet.prefab using Guid(11ceb99182879430aa10659bdcf56d49) Importer(815301076,1909f56bfc062723c751e8b465ee728b)  -> (artifact id: 'f8a77429358161bb47f9f8fb31752249') in 0.013786 seconds
  Import took 0.018603 seconds .

========================================================================
Received Import Request.
  Time since last request: 5.289476 seconds.
  path: Assets/Prefabs/PlayerBullet.prefab
  artifactKey: Guid(11ceb99182879430aa10659bdcf56d49) Importer(815301076,1909f56bfc062723c751e8b465ee728b)
Start importing Assets/Prefabs/PlayerBullet.prefab using Guid(11ceb99182879430aa10659bdcf56d49) Importer(815301076,1909f56bfc062723c751e8b465ee728b)  -> (artifact id: 'b86f939f9d8df8c7d5ac3d03a9871150') in 0.014574 seconds
  Import took 0.018643 seconds .

========================================================================
Received Prepare
Registering precompiled user dll's ...
Registered in 0.000595 seconds.
Begin MonoManager ReloadAssembly
Native extension for OSXStandalone target not found
Refreshing native plugins compatible for Editor in 0.31 ms, found 2 plugins.
Preloading 0 native plugins for Editor in 0.00 ms.
Invoked RoslynAnalysisRunner static constructor.
RoslynAnalysisRunner will not be running.
RoslynAnalysisRunner has terminated.
Mono: successfully reloaded assembly
- Completed reload, in  0.781 seconds
Platform modules already initialized, skipping
Refreshing native plugins compatible for Editor in 0.30 ms, found 2 plugins.
Preloading 0 native plugins for Editor in 0.00 ms.
Unloading 1807 Unused Serialized files (Serialized files now loaded: 0)
System memory in use before: 187.8 MB.
System memory in use after: 187.8 MB.

Unloading 12 unused Assets to reduce memory usage. Loaded Objects now: 2277.
Total: 1.770228 ms (FindLiveObjects: 0.178370 ms CreateObjectMapping: 0.055819 ms MarkObjects: 1.449554 ms  DeleteObjects: 0.085652 ms)

========================================================================
Received Prepare
Registering precompiled user dll's ...
Registered in 0.025627 seconds.
Begin MonoManager ReloadAssembly
Native extension for OSXStandalone target not found
Refreshing native plugins compatible for Editor in 0.36 ms, found 2 plugins.
Preloading 0 native plugins for Editor in 0.00 ms.
Invoked RoslynAnalysisRunner static constructor.
RoslynAnalysisRunner will not be running.
RoslynAnalysisRunner has terminated.
Mono: successfully reloaded assembly
- Completed reload, in  1.063 seconds
Platform modules already initialized, skipping
Refreshing native plugins compatible for Editor in 0.31 ms, found 2 plugins.
Preloading 0 native plugins for Editor in 0.00 ms.
Unloading 1807 Unused Serialized files (Serialized files now loaded: 0)
System memory in use before: 187.9 MB.
System memory in use after: 187.9 MB.

Unloading 12 unused Assets to reduce memory usage. Loaded Objects now: 2281.
Total: 2.707240 ms (FindLiveObjects: 0.298957 ms CreateObjectMapping: 0.072243 ms MarkObjects: 2.145709 ms  DeleteObjects: 0.188663 ms)

========================================================================
Received Prepare
Registering precompiled user dll's ...
Registered in 0.000953 seconds.
Begin MonoManager ReloadAssembly
Native extension for OSXStandalone target not found
Refreshing native plugins compatible for Editor in 0.32 ms, found 2 plugins.
Preloading 0 native plugins for Editor in 0.00 ms.
Invoked RoslynAnalysisRunner static constructor.
RoslynAnalysisRunner will not be running.
RoslynAnalysisRunner has terminated.
Mono: successfully reloaded assembly
- Completed reload, in  0.850 seconds
Platform modules already initialized, skipping
Refreshing native plugins compatible for Editor in 0.32 ms, found 2 plugins.
Preloading 0 native plugins for Editor in 0.00 ms.
Unloading 1807 Unused Serialized files (Serialized files now loaded: 0)
System memory in use before: 188.1 MB.
System memory in use after: 188.1 MB.

Unloading 12 unused Assets to reduce memory usage. Loaded Objects now: 2285.
Total: 1.854569 ms (FindLiveObjects: 0.244757 ms CreateObjectMapping: 0.068801 ms MarkObjects: 1.455713 ms  DeleteObjects: 0.084167 ms)

========================================================================
Received Prepare
Registering precompiled user dll's ...
Registered in 0.000746 seconds.
Begin MonoManager ReloadAssembly
Native extension for OSXStandalone target not found
Refreshing native plugins compatible for Editor in 0.34 ms, found 2 plugins.
Preloading 0 native plugins for Editor in 0.00 ms.
Invoked RoslynAnalysisRunner static constructor.
RoslynAnalysisRunner will not be running.
RoslynAnalysisRunner has terminated.
Mono: successfully reloaded assembly
- Completed reload, in  0.934 seconds
Platform modules already initialized, skipping
Refreshing native plugins compatible for Editor in 0.43 ms, found 2 plugins.
Preloading 0 native plugins for Editor in 0.00 ms.
Unloading 1807 Unused Serialized files (Serialized files now loaded: 0)
System memory in use before: 188.4 MB.
System memory in use after: 188.4 MB.

Unloading 12 unused Assets to reduce memory usage. Loaded Objects now: 2289.
Total: 2.521493 ms (FindLiveObjects: 0.215257 ms CreateObjectMapping: 0.064833 ms MarkObjects: 2.092954 ms  DeleteObjects: 0.147216 ms)

========================================================================
Received Import Request.
  Time since last request: 514.155011 seconds.
  path: ProjectSettings/TagManager.asset
  artifactKey: Guid(00000000000000003000000000000000) Importer(815301076,1909f56bfc062723c751e8b465ee728b)
Start importing ProjectSettings/TagManager.asset using Guid(00000000000000003000000000000000) Importer(815301076,1909f56bfc062723c751e8b465ee728b)  -> (artifact id: '2f4cb6d1a26cbf6f4fc99373bd314006') in 0.114242 seconds
  Import took 0.117383 seconds .

========================================================================
Received Prepare
Registering precompiled user dll's ...
Registered in 0.001587 seconds.
Begin MonoManager ReloadAssembly
Native extension for OSXStandalone target not found
Refreshing native plugins compatible for Editor in 0.31 ms, found 2 plugins.
Preloading 0 native plugins for Editor in 0.00 ms.
Invoked RoslynAnalysisRunner static constructor.
RoslynAnalysisRunner will not be running.
RoslynAnalysisRunner has terminated.
Mono: successfully reloaded assembly
- Completed reload, in  0.850 seconds
Platform modules already initialized, skipping
Refreshing native plugins compatible for Editor in 0.37 ms, found 2 plugins.
Preloading 0 native plugins for Editor in 0.00 ms.
Unloading 1807 Unused Serialized files (Serialized files now loaded: 0)
System memory in use before: 192.7 MB.
System memory in use after: 192.7 MB.

Unloading 13 unused Assets to reduce memory usage. Loaded Objects now: 2293.
Total: 2.400868 ms (FindLiveObjects: 0.266247 ms CreateObjectMapping: 0.078169 ms MarkObjects: 1.886702 ms  DeleteObjects: 0.168459 ms)

========================================================================
Received Prepare
Registering precompiled user dll's ...
Registered in 0.000596 seconds.
Begin MonoManager ReloadAssembly
Native extension for OSXStandalone target not found
Refreshing native plugins compatible for Editor in 0.34 ms, found 2 plugins.
Preloading 0 native plugins for Editor in 0.00 ms.
Invoked RoslynAnalysisRunner static constructor.
RoslynAnalysisRunner will not be running.
RoslynAnalysisRunner has terminated.
Mono: successfully reloaded assembly
- Completed reload, in  0.883 seconds
Platform modules already initialized, skipping
Refreshing native plugins compatible for Editor in 0.37 ms, found 2 plugins.
Preloading 0 native plugins for Editor in 0.00 ms.
Unloading 1807 Unused Serialized files (Serialized files now loaded: 0)
System memory in use before: 192.9 MB.
System memory in use after: 192.9 MB.

Unloading 12 unused Assets to reduce memory usage. Loaded Objects now: 2297.
Total: 2.876687 ms (FindLiveObjects: 0.302407 ms CreateObjectMapping: 0.101483 ms MarkObjects: 2.344675 ms  DeleteObjects: 0.126551 ms)

========================================================================
Received Prepare
Registering precompiled user dll's ...
Registered in 0.000988 seconds.
Begin MonoManager ReloadAssembly
Native extension for OSXStandalone target not found
Refreshing native plugins compatible for Editor in 0.73 ms, found 2 plugins.
Preloading 0 native plugins for Editor in 0.00 ms.
Invoked RoslynAnalysisRunner static constructor.
RoslynAnalysisRunner will not be running.
RoslynAnalysisRunner has terminated.
Mono: successfully reloaded assembly
- Completed reload, in  0.821 seconds
Platform modules already initialized, skipping
Refreshing native plugins compatible for Editor in 0.29 ms, found 2 plugins.
Preloading 0 native plugins for Editor in 0.00 ms.
Unloading 1807 Unused Serialized files (Serialized files now loaded: 0)
System memory in use before: 193.1 MB.
System memory in use after: 193.1 MB.

Unloading 12 unused Assets to reduce memory usage. Loaded Objects now: 2301.
Total: 1.731357 ms (FindLiveObjects: 0.220089 ms CreateObjectMapping: 0.053357 ms MarkObjects: 1.381065 ms  DeleteObjects: 0.076033 ms)

========================================================================
Received Import Request.
  Time since last request: 535.547089 seconds.
  path: Assets/Prefabs/PlayerBullet.prefab
  artifactKey: Guid(11ceb99182879430aa10659bdcf56d49) Importer(815301076,1909f56bfc062723c751e8b465ee728b)
Start importing Assets/Prefabs/PlayerBullet.prefab using Guid(11ceb99182879430aa10659bdcf56d49) Importer(815301076,1909f56bfc062723c751e8b465ee728b)  -> (artifact id: '94aad263bfebacd5514ad12188227fbe') in 0.068911 seconds
  Import took 0.073863 seconds .

========================================================================
Received Import Request.
  Time since last request: 48.896784 seconds.
  path: Assets/Prefabs/PlayerBullet.prefab
  artifactKey: Guid(11ceb99182879430aa10659bdcf56d49) Importer(815301076,1909f56bfc062723c751e8b465ee728b)
Start importing Assets/Prefabs/PlayerBullet.prefab using Guid(11ceb99182879430aa10659bdcf56d49) Importer(815301076,1909f56bfc062723c751e8b465ee728b)  -> (artifact id: '5af104d0d6b533b49f4ea22e7f3e3602') in 0.022865 seconds
  Import took 0.027747 seconds .

========================================================================
Received Import Request.
  Time since last request: 7.441075 seconds.
  path: Assets/Prefabs/PlayerBullet.prefab
  artifactKey: Guid(11ceb99182879430aa10659bdcf56d49) Importer(815301076,1909f56bfc062723c751e8b465ee728b)
Start importing Assets/Prefabs/PlayerBullet.prefab using Guid(11ceb99182879430aa10659bdcf56d49) Importer(815301076,1909f56bfc062723c751e8b465ee728b)  -> (artifact id: '65629b7ca7e7bc7718bc726ed6406cd5') in 0.012552 seconds
  Import took 0.017816 seconds .

========================================================================
Received Import Request.
  Time since last request: 3.626910 seconds.
  path: Assets/Prefabs/PlayerBullet.prefab
  artifactKey: Guid(11ceb99182879430aa10659bdcf56d49) Importer(815301076,1909f56bfc062723c751e8b465ee728b)
Start importing Assets/Prefabs/PlayerBullet.prefab using Guid(11ceb99182879430aa10659bdcf56d49) Importer(815301076,1909f56bfc062723c751e8b465ee728b)  -> (artifact id: '8649dcecbd55489e18b2e229daff2a14') in 0.012906 seconds
  Import took 0.018297 seconds .

========================================================================
Received Prepare
Registering precompiled user dll's ...
Registered in 0.000938 seconds.
Begin MonoManager ReloadAssembly
Native extension for OSXStandalone target not found
Refreshing native plugins compatible for Editor in 0.38 ms, found 2 plugins.
Preloading 0 native plugins for Editor in 0.00 ms.
Invoked RoslynAnalysisRunner static constructor.
RoslynAnalysisRunner will not be running.
RoslynAnalysisRunner has terminated.
Mono: successfully reloaded assembly
- Completed reload, in  1.119 seconds
Platform modules already initialized, skipping
Refreshing native plugins compatible for Editor in 0.40 ms, found 2 plugins.
Preloading 0 native plugins for Editor in 0.00 ms.
Unloading 1807 Unused Serialized files (Serialized files now loaded: 0)
System memory in use before: 193.4 MB.
System memory in use after: 193.4 MB.

Unloading 12 unused Assets to reduce memory usage. Loaded Objects now: 2306.
Total: 2.668726 ms (FindLiveObjects: 0.205786 ms CreateObjectMapping: 0.071637 ms MarkObjects: 2.276909 ms  DeleteObjects: 0.111854 ms)

========================================================================
Received Import Request.
  Time since last request: 10.033795 seconds.
  path: Assets/Prefabs/PlayerBullet.prefab
  artifactKey: Guid(11ceb99182879430aa10659bdcf56d49) Importer(815301076,1909f56bfc062723c751e8b465ee728b)
Start importing Assets/Prefabs/PlayerBullet.prefab using Guid(11ceb99182879430aa10659bdcf56d49) Importer(815301076,1909f56bfc062723c751e8b465ee728b)  -> (artifact id: '07fc978b03f430349f75f8ba895bd405') in 0.077989 seconds
  Import took 0.082549 seconds .

========================================================================
Received Prepare
Registering precompiled user dll's ...
Registered in 0.000546 seconds.
Begin MonoManager ReloadAssembly
Native extension for OSXStandalone target not found
Refreshing native plugins compatible for Editor in 0.32 ms, found 2 plugins.
Preloading 0 native plugins for Editor in 0.00 ms.
Invoked RoslynAnalysisRunner static constructor.
RoslynAnalysisRunner will not be running.
RoslynAnalysisRunner has terminated.
Mono: successfully reloaded assembly
- Completed reload, in  0.805 seconds
Platform modules already initialized, skipping
Refreshing native plugins compatible for Editor in 0.33 ms, found 2 plugins.
Preloading 0 native plugins for Editor in 0.00 ms.
Unloading 1807 Unused Serialized files (Serialized files now loaded: 0)
System memory in use before: 193.6 MB.
System memory in use after: 193.6 MB.

Unloading 12 unused Assets to reduce memory usage. Loaded Objects now: 2311.
Total: 1.762621 ms (FindLiveObjects: 0.172645 ms CreateObjectMapping: 0.053892 ms MarkObjects: 1.447291 ms  DeleteObjects: 0.086519 ms)

========================================================================
Received Prepare
Registering precompiled user dll's ...
Registered in 0.000504 seconds.
Begin MonoManager ReloadAssembly
Native extension for OSXStandalone target not found
Refreshing native plugins compatible for Editor in 0.31 ms, found 2 plugins.
Preloading 0 native plugins for Editor in 0.00 ms.
Invoked RoslynAnalysisRunner static constructor.
RoslynAnalysisRunner will not be running.
RoslynAnalysisRunner has terminated.
Mono: successfully reloaded assembly
- Completed reload, in  0.767 seconds
Platform modules already initialized, skipping
Refreshing native plugins compatible for Editor in 0.29 ms, found 2 plugins.
Preloading 0 native plugins for Editor in 0.00 ms.
Unloading 1807 Unused Serialized files (Serialized files now loaded: 0)
System memory in use before: 193.9 MB.
System memory in use after: 193.9 MB.

Unloading 12 unused Assets to reduce memory usage. Loaded Objects now: 2315.
Total: 1.824940 ms (FindLiveObjects: 0.177594 ms CreateObjectMapping: 0.054413 ms MarkObjects: 1.503358 ms  DeleteObjects: 0.088621 ms)

========================================================================
Received Prepare
Registering precompiled user dll's ...
Registered in 0.000580 seconds.
Begin MonoManager ReloadAssembly
Native extension for OSXStandalone target not found
Refreshing native plugins compatible for Editor in 0.37 ms, found 2 plugins.
Preloading 0 native plugins for Editor in 0.00 ms.
Invoked RoslynAnalysisRunner static constructor.
RoslynAnalysisRunner will not be running.
RoslynAnalysisRunner has terminated.
Mono: successfully reloaded assembly
- Completed reload, in  0.853 seconds
Platform modules already initialized, skipping
Refreshing native plugins compatible for Editor in 0.34 ms, found 2 plugins.
Preloading 0 native plugins for Editor in 0.00 ms.
Unloading 1807 Unused Serialized files (Serialized files now loaded: 0)
System memory in use before: 194.0 MB.
System memory in use after: 194.0 MB.

Unloading 12 unused Assets to reduce memory usage. Loaded Objects now: 2319.
Total: 2.271566 ms (FindLiveObjects: 0.250112 ms CreateObjectMapping: 0.079325 ms MarkObjects: 1.830504 ms  DeleteObjects: 0.110042 ms)

========================================================================
Received Prepare
Registering precompiled user dll's ...
Registered in 0.001237 seconds.
Begin MonoManager ReloadAssembly
Native extension for OSXStandalone target not found
Refreshing native plugins compatible for Editor in 0.38 ms, found 2 plugins.
Preloading 0 native plugins for Editor in 0.00 ms.
Invoked RoslynAnalysisRunner static constructor.
RoslynAnalysisRunner will not be running.
RoslynAnalysisRunner has terminated.
Mono: successfully reloaded assembly
- Completed reload, in  0.813 seconds
Platform modules already initialized, skipping
Refreshing native plugins compatible for Editor in 0.32 ms, found 2 plugins.
Preloading 0 native plugins for Editor in 0.00 ms.
Unloading 1807 Unused Serialized files (Serialized files now loaded: 0)
System memory in use before: 194.2 MB.
System memory in use after: 194.2 MB.

Unloading 12 unused Assets to reduce memory usage. Loaded Objects now: 2323.
Total: 2.154115 ms (FindLiveObjects: 0.246614 ms CreateObjectMapping: 0.068822 ms MarkObjects: 1.744235 ms  DeleteObjects: 0.093477 ms)

========================================================================
Received Prepare
Registering precompiled user dll's ...
Registered in 0.000570 seconds.
Begin MonoManager ReloadAssembly
Native extension for OSXStandalone target not found
Refreshing native plugins compatible for Editor in 0.31 ms, found 2 plugins.
Preloading 0 native plugins for Editor in 0.00 ms.
Invoked RoslynAnalysisRunner static constructor.
RoslynAnalysisRunner will not be running.
RoslynAnalysisRunner has terminated.
Mono: successfully reloaded assembly
- Completed reload, in  0.806 seconds
Platform modules already initialized, skipping
Refreshing native plugins compatible for Editor in 0.30 ms, found 2 plugins.
Preloading 0 native plugins for Editor in 0.00 ms.
Unloading 1807 Unused Serialized files (Serialized files now loaded: 0)
System memory in use before: 194.4 MB.
System memory in use after: 194.4 MB.

Unloading 12 unused Assets to reduce memory usage. Loaded Objects now: 2327.
Total: 2.245342 ms (FindLiveObjects: 0.235360 ms CreateObjectMapping: 0.092393 ms MarkObjects: 1.735634 ms  DeleteObjects: 0.180585 ms)

========================================================================
Received Prepare
Registering precompiled user dll's ...
Registered in 0.000526 seconds.
Begin MonoManager ReloadAssembly
Native extension for OSXStandalone target not found
Refreshing native plugins compatible for Editor in 0.31 ms, found 2 plugins.
Preloading 0 native plugins for Editor in 0.00 ms.
Invoked RoslynAnalysisRunner static constructor.
RoslynAnalysisRunner will not be running.
RoslynAnalysisRunner has terminated.
Mono: successfully reloaded assembly
- Completed reload, in  0.834 seconds
Platform modules already initialized, skipping
Refreshing native plugins compatible for Editor in 0.33 ms, found 2 plugins.
Preloading 0 native plugins for Editor in 0.00 ms.
Unloading 1807 Unused Serialized files (Serialized files now loaded: 0)
System memory in use before: 194.6 MB.
System memory in use after: 194.6 MB.

Unloading 12 unused Assets to reduce memory usage. Loaded Objects now: 2331.
Total: 2.222537 ms (FindLiveObjects: 0.213211 ms CreateObjectMapping: 0.065928 ms MarkObjects: 1.843685 ms  DeleteObjects: 0.098695 ms)

========================================================================
Received Prepare
Registering precompiled user dll's ...
Registered in 0.000551 seconds.
Begin MonoManager ReloadAssembly
Native extension for OSXStandalone target not found
Refreshing native plugins compatible for Editor in 0.31 ms, found 2 plugins.
Preloading 0 native plugins for Editor in 0.00 ms.
Invoked RoslynAnalysisRunner static constructor.
RoslynAnalysisRunner will not be running.
RoslynAnalysisRunner has terminated.
Mono: successfully reloaded assembly
- Completed reload, in  0.817 seconds
Platform modules already initialized, skipping
Refreshing native plugins compatible for Editor in 0.33 ms, found 2 plugins.
Preloading 0 native plugins for Editor in 0.00 ms.
Unloading 1807 Unused Serialized files (Serialized files now loaded: 0)
System memory in use before: 194.8 MB.
System memory in use after: 194.8 MB.

Unloading 12 unused Assets to reduce memory usage. Loaded Objects now: 2335.
Total: 2.007684 ms (FindLiveObjects: 0.229490 ms CreateObjectMapping: 0.072918 ms MarkObjects: 1.611048 ms  DeleteObjects: 0.093354 ms)

========================================================================
Received Prepare
Registering precompiled user dll's ...
Registered in 0.000504 seconds.
Begin MonoManager ReloadAssembly
Native extension for OSXStandalone target not found
Refreshing native plugins compatible for Editor in 0.33 ms, found 2 plugins.
Preloading 0 native plugins for Editor in 0.00 ms.
Invoked RoslynAnalysisRunner static constructor.
RoslynAnalysisRunner will not be running.
RoslynAnalysisRunner has terminated.
Mono: successfully reloaded assembly
- Completed reload, in  0.803 seconds
Platform modules already initialized, skipping
Refreshing native plugins compatible for Editor in 0.31 ms, found 2 plugins.
Preloading 0 native plugins for Editor in 0.00 ms.
Unloading 1807 Unused Serialized files (Serialized files now loaded: 0)
System memory in use before: 195.0 MB.
System memory in use after: 195.0 MB.

Unloading 12 unused Assets to reduce memory usage. Loaded Objects now: 2339.
Total: 2.864349 ms (FindLiveObjects: 0.260062 ms CreateObjectMapping: 0.075829 ms MarkObjects: 2.411468 ms  DeleteObjects: 0.115299 ms)

========================================================================
Received Prepare
Registering precompiled user dll's ...
Registered in 0.000473 seconds.
Begin MonoManager ReloadAssembly
Native extension for OSXStandalone target not found
Refreshing native plugins compatible for Editor in 0.33 ms, found 2 plugins.
Preloading 0 native plugins for Editor in 0.00 ms.
Invoked RoslynAnalysisRunner static constructor.
RoslynAnalysisRunner will not be running.
RoslynAnalysisRunner has terminated.
Mono: successfully reloaded assembly
- Completed reload, in  0.804 seconds
Platform modules already initialized, skipping
Refreshing native plugins compatible for Editor in 0.30 ms, found 2 plugins.
Preloading 0 native plugins for Editor in 0.00 ms.
Unloading 1807 Unused Serialized files (Serialized files now loaded: 0)
System memory in use before: 195.1 MB.
System memory in use after: 195.1 MB.

Unloading 12 unused Assets to reduce memory usage. Loaded Objects now: 2343.
Total: 1.977768 ms (FindLiveObjects: 0.232392 ms CreateObjectMapping: 0.061471 ms MarkObjects: 1.592422 ms  DeleteObjects: 0.090589 ms)

========================================================================
Received Prepare
Registering precompiled user dll's ...
Registered in 0.001576 seconds.
Begin MonoManager ReloadAssembly
Native extension for OSXStandalone target not found
Refreshing native plugins compatible for Editor in 0.31 ms, found 2 plugins.
Preloading 0 native plugins for Editor in 0.00 ms.
Invoked RoslynAnalysisRunner static constructor.
RoslynAnalysisRunner will not be running.
RoslynAnalysisRunner has terminated.
Mono: successfully reloaded assembly
- Completed reload, in  0.890 seconds
Platform modules already initialized, skipping
Refreshing native plugins compatible for Editor in 0.30 ms, found 2 plugins.
Preloading 0 native plugins for Editor in 0.00 ms.
Unloading 1807 Unused Serialized files (Serialized files now loaded: 0)
System memory in use before: 195.3 MB.
System memory in use after: 195.3 MB.

Unloading 12 unused Assets to reduce memory usage. Loaded Objects now: 2347.
Total: 2.211145 ms (FindLiveObjects: 0.252057 ms CreateObjectMapping: 0.071718 ms MarkObjects: 1.781393 ms  DeleteObjects: 0.104254 ms)

========================================================================
Received Prepare
Registering precompiled user dll's ...
Registered in 0.001076 seconds.
Begin MonoManager ReloadAssembly
Native extension for OSXStandalone target not found
Refreshing native plugins compatible for Editor in 0.35 ms, found 2 plugins.
Preloading 0 native plugins for Editor in 0.00 ms.
Invoked RoslynAnalysisRunner static constructor.
RoslynAnalysisRunner will not be running.
RoslynAnalysisRunner has terminated.
Mono: successfully reloaded assembly
- Completed reload, in  0.797 seconds
Platform modules already initialized, skipping
Refreshing native plugins compatible for Editor in 0.28 ms, found 2 plugins.
Preloading 0 native plugins for Editor in 0.00 ms.
Unloading 1807 Unused Serialized files (Serialized files now loaded: 0)
System memory in use before: 195.6 MB.
System memory in use after: 195.6 MB.

Unloading 12 unused Assets to reduce memory usage. Loaded Objects now: 2351.
Total: 2.078481 ms (FindLiveObjects: 0.355093 ms CreateObjectMapping: 0.083737 ms MarkObjects: 1.544769 ms  DeleteObjects: 0.093450 ms)

========================================================================
Received Import Request.
  Time since last request: 1086.765393 seconds.
  path: Assets/Prefabs/PlayerBullet.prefab
  artifactKey: Guid(11ceb99182879430aa10659bdcf56d49) Importer(815301076,1909f56bfc062723c751e8b465ee728b)
Start importing Assets/Prefabs/PlayerBullet.prefab using Guid(11ceb99182879430aa10659bdcf56d49) Importer(815301076,1909f56bfc062723c751e8b465ee728b)  -> (artifact id: 'c6efa7e363876e0a1cc6f3ea6893177a') in 0.069178 seconds
  Import took 0.072736 seconds .

========================================================================
Received Prepare
Registering precompiled user dll's ...
Registered in 0.000546 seconds.
Begin MonoManager ReloadAssembly
Native extension for OSXStandalone target not found
Refreshing native plugins compatible for Editor in 0.32 ms, found 2 plugins.
Preloading 0 native plugins for Editor in 0.00 ms.
Invoked RoslynAnalysisRunner static constructor.
RoslynAnalysisRunner will not be running.
RoslynAnalysisRunner has terminated.
Mono: successfully reloaded assembly
- Completed reload, in  0.810 seconds
Platform modules already initialized, skipping
Refreshing native plugins compatible for Editor in 0.35 ms, found 2 plugins.
Preloading 0 native plugins for Editor in 0.00 ms.
Unloading 1807 Unused Serialized files (Serialized files now loaded: 0)
System memory in use before: 195.8 MB.
System memory in use after: 195.8 MB.

Unloading 12 unused Assets to reduce memory usage. Loaded Objects now: 2356.
Total: 2.829724 ms (FindLiveObjects: 0.269854 ms CreateObjectMapping: 0.079514 ms MarkObjects: 2.356381 ms  DeleteObjects: 0.120985 ms)

========================================================================
Received Import Request.
  Time since last request: 19.072054 seconds.
  path: Assets/Prefabs/PlayerBullet.prefab
  artifactKey: Guid(11ceb99182879430aa10659bdcf56d49) Importer(815301076,1909f56bfc062723c751e8b465ee728b)
Start importing Assets/Prefabs/PlayerBullet.prefab using Guid(11ceb99182879430aa10659bdcf56d49) Importer(815301076,1909f56bfc062723c751e8b465ee728b)  -> (artifact id: 'aa612ab2cfa705dcaec929798cf257cf') in 0.073291 seconds
  Import took 0.077962 seconds .

========================================================================
Received Import Request.
  Time since last request: 6.242679 seconds.
  path: Assets/Prefabs/PlayerBullet.prefab
  artifactKey: Guid(11ceb99182879430aa10659bdcf56d49) Importer(815301076,1909f56bfc062723c751e8b465ee728b)
Start importing Assets/Prefabs/PlayerBullet.prefab using Guid(11ceb99182879430aa10659bdcf56d49) Importer(815301076,1909f56bfc062723c751e8b465ee728b)  -> (artifact id: 'd0792a7400cf90b450bb8ba83f3dea50') in 0.017750 seconds
  Import took 0.021460 seconds .

========================================================================
Received Import Request.
  Time since last request: 2.841196 seconds.
  path: Assets/Prefabs/PlayerBullet.prefab
  artifactKey: Guid(11ceb99182879430aa10659bdcf56d49) Importer(815301076,1909f56bfc062723c751e8b465ee728b)
Start importing Assets/Prefabs/PlayerBullet.prefab using Guid(11ceb99182879430aa10659bdcf56d49) Importer(815301076,1909f56bfc062723c751e8b465ee728b)  -> (artifact id: '298a078153e43e929d4fe7e869a12112') in 0.013658 seconds
  Import took 0.018929 seconds .

========================================================================
Received Import Request.
  Time since last request: 5.026940 seconds.
  path: Assets/Prefabs/PlayerBullet.prefab
  artifactKey: Guid(11ceb99182879430aa10659bdcf56d49) Importer(815301076,1909f56bfc062723c751e8b465ee728b)
Start importing Assets/Prefabs/PlayerBullet.prefab using Guid(11ceb99182879430aa10659bdcf56d49) Importer(815301076,1909f56bfc062723c751e8b465ee728b)  -> (artifact id: '3d27dca8c1459e8760a4d957799bd67c') in 0.014420 seconds
  Import took 0.018701 seconds .

========================================================================
Received Prepare
Registering precompiled user dll's ...
Registered in 0.001655 seconds.
Begin MonoManager ReloadAssembly
Native extension for OSXStandalone target not found
Refreshing native plugins compatible for Editor in 0.32 ms, found 2 plugins.
Preloading 0 native plugins for Editor in 0.00 ms.
Invoked RoslynAnalysisRunner static constructor.
RoslynAnalysisRunner will not be running.
RoslynAnalysisRunner has terminated.
Mono: successfully reloaded assembly
- Completed reload, in  0.876 seconds
Platform modules already initialized, skipping
Refreshing native plugins compatible for Editor in 0.25 ms, found 2 plugins.
Preloading 0 native plugins for Editor in 0.00 ms.
Unloading 1807 Unused Serialized files (Serialized files now loaded: 0)
System memory in use before: 196.0 MB.
System memory in use after: 196.0 MB.

Unloading 12 unused Assets to reduce memory usage. Loaded Objects now: 2361.
Total: 1.901488 ms (FindLiveObjects: 0.197842 ms CreateObjectMapping: 0.061688 ms MarkObjects: 1.541598 ms  DeleteObjects: 0.099054 ms)

========================================================================
Received Import Request.
  Time since last request: 9.914566 seconds.
  path: Assets/Prefabs/PlayerBullet.prefab
  artifactKey: Guid(11ceb99182879430aa10659bdcf56d49) Importer(815301076,1909f56bfc062723c751e8b465ee728b)
Start importing Assets/Prefabs/PlayerBullet.prefab using Guid(11ceb99182879430aa10659bdcf56d49) Importer(815301076,1909f56bfc062723c751e8b465ee728b)  -> (artifact id: '34e1d2803df09f17fb37e6182ab37e6d') in 0.064298 seconds
  Import took 0.067930 seconds .

========================================================================
Received Prepare
Registering precompiled user dll's ...
Registered in 0.000580 seconds.
Begin MonoManager ReloadAssembly
Native extension for OSXStandalone target not found
Refreshing native plugins compatible for Editor in 0.38 ms, found 2 plugins.
Preloading 0 native plugins for Editor in 0.00 ms.
Invoked RoslynAnalysisRunner static constructor.
RoslynAnalysisRunner will not be running.
RoslynAnalysisRunner has terminated.
Mono: successfully reloaded assembly
- Completed reload, in  0.847 seconds
Platform modules already initialized, skipping
Refreshing native plugins compatible for Editor in 0.31 ms, found 2 plugins.
Preloading 0 native plugins for Editor in 0.00 ms.
Unloading 1807 Unused Serialized files (Serialized files now loaded: 0)
System memory in use before: 196.3 MB.
System memory in use after: 196.3 MB.

Unloading 12 unused Assets to reduce memory usage. Loaded Objects now: 2366.
Total: 2.077613 ms (FindLiveObjects: 0.219694 ms CreateObjectMapping: 0.068790 ms MarkObjects: 1.693533 ms  DeleteObjects: 0.094502 ms)

========================================================================
Received Prepare
Registering precompiled user dll's ...
Registered in 0.000464 seconds.
Begin MonoManager ReloadAssembly
Native extension for OSXStandalone target not found
Refreshing native plugins compatible for Editor in 0.32 ms, found 2 plugins.
Preloading 0 native plugins for Editor in 0.00 ms.
Invoked RoslynAnalysisRunner static constructor.
RoslynAnalysisRunner will not be running.
RoslynAnalysisRunner has terminated.
Mono: successfully reloaded assembly
- Completed reload, in  0.839 seconds
Platform modules already initialized, skipping
Refreshing native plugins compatible for Editor in 0.30 ms, found 2 plugins.
Preloading 0 native plugins for Editor in 0.00 ms.
Unloading 1807 Unused Serialized files (Serialized files now loaded: 0)
System memory in use before: 196.5 MB.
System memory in use after: 196.5 MB.

Unloading 12 unused Assets to reduce memory usage. Loaded Objects now: 2370.
Total: 2.177646 ms (FindLiveObjects: 0.226439 ms CreateObjectMapping: 0.071112 ms MarkObjects: 1.768265 ms  DeleteObjects: 0.109877 ms)

========================================================================
Received Prepare
Registering precompiled user dll's ...
Registered in 0.001707 seconds.
Begin MonoManager ReloadAssembly
Native extension for OSXStandalone target not found
Refreshing native plugins compatible for Editor in 0.35 ms, found 2 plugins.
Preloading 0 native plugins for Editor in 0.00 ms.
Invoked RoslynAnalysisRunner static constructor.
RoslynAnalysisRunner will not be running.
RoslynAnalysisRunner has terminated.
Mono: successfully reloaded assembly
- Completed reload, in  0.824 seconds
Platform modules already initialized, skipping
Refreshing native plugins compatible for Editor in 0.34 ms, found 2 plugins.
Preloading 0 native plugins for Editor in 0.00 ms.
Unloading 1807 Unused Serialized files (Serialized files now loaded: 0)
System memory in use before: 196.7 MB.
System memory in use after: 196.7 MB.

Unloading 12 unused Assets to reduce memory usage. Loaded Objects now: 2374.
Total: 1.734979 ms (FindLiveObjects: 0.201089 ms CreateObjectMapping: 0.048192 ms MarkObjects: 1.405886 ms  DeleteObjects: 0.079031 ms)

========================================================================
Received Import Request.
  Time since last request: 232.306780 seconds.
  path: Assets/Prefabs/PlayerBullet.prefab
  artifactKey: Guid(11ceb99182879430aa10659bdcf56d49) Importer(815301076,1909f56bfc062723c751e8b465ee728b)
Start importing Assets/Prefabs/PlayerBullet.prefab using Guid(11ceb99182879430aa10659bdcf56d49) Importer(815301076,1909f56bfc062723c751e8b465ee728b)  -> (artifact id: 'ac06c9fdf53ca8f3546030c073d54f1d') in 0.064807 seconds
  Import took 0.068576 seconds .

========================================================================
Received Prepare
Registering precompiled user dll's ...
Registered in 0.000598 seconds.
Begin MonoManager ReloadAssembly
Native extension for OSXStandalone target not found
Refreshing native plugins compatible for Editor in 0.37 ms, found 2 plugins.
Preloading 0 native plugins for Editor in 0.00 ms.
Invoked RoslynAnalysisRunner static constructor.
RoslynAnalysisRunner will not be running.
RoslynAnalysisRunner has terminated.
Mono: successfully reloaded assembly
- Completed reload, in  1.120 seconds
Platform modules already initialized, skipping
Refreshing native plugins compatible for Editor in 0.38 ms, found 2 plugins.
Preloading 0 native plugins for Editor in 0.00 ms.
Unloading 1807 Unused Serialized files (Serialized files now loaded: 0)
System memory in use before: 196.9 MB.
System memory in use after: 196.9 MB.

Unloading 12 unused Assets to reduce memory usage. Loaded Objects now: 2379.
Total: 2.157340 ms (FindLiveObjects: 0.203469 ms CreateObjectMapping: 0.070652 ms MarkObjects: 1.761033 ms  DeleteObjects: 0.120074 ms)

========================================================================
Received Prepare
Registering precompiled user dll's ...
Registered in 0.002023 seconds.
Begin MonoManager ReloadAssembly
Native extension for OSXStandalone target not found
Refreshing native plugins compatible for Editor in 0.33 ms, found 2 plugins.
Preloading 0 native plugins for Editor in 0.00 ms.
Invoked RoslynAnalysisRunner static constructor.
RoslynAnalysisRunner will not be running.
RoslynAnalysisRunner has terminated.
Mono: successfully reloaded assembly
- Completed reload, in  0.948 seconds
Platform modules already initialized, skipping
Refreshing native plugins compatible for Editor in 0.30 ms, found 2 plugins.
Preloading 0 native plugins for Editor in 0.00 ms.
Unloading 1807 Unused Serialized files (Serialized files now loaded: 0)
System memory in use before: 197.1 MB.
System memory in use after: 197.1 MB.

Unloading 12 unused Assets to reduce memory usage. Loaded Objects now: 2383.
Total: 2.120686 ms (FindLiveObjects: 0.240455 ms CreateObjectMapping: 0.052433 ms MarkObjects: 1.733800 ms  DeleteObjects: 0.092923 ms)

========================================================================
Received Prepare
Registering precompiled user dll's ...
Registered in 0.002066 seconds.
Begin MonoManager ReloadAssembly
Native extension for OSXStandalone target not found
Refreshing native plugins compatible for Editor in 0.39 ms, found 2 plugins.
Preloading 0 native plugins for Editor in 0.00 ms.
Invoked RoslynAnalysisRunner static constructor.
RoslynAnalysisRunner will not be running.
RoslynAnalysisRunner has terminated.
Mono: successfully reloaded assembly
- Completed reload, in  0.868 seconds
Platform modules already initialized, skipping
Refreshing native plugins compatible for Editor in 0.33 ms, found 2 plugins.
Preloading 0 native plugins for Editor in 0.00 ms.
Unloading 1807 Unused Serialized files (Serialized files now loaded: 0)
System memory in use before: 197.3 MB.
System memory in use after: 197.3 MB.

Unloading 12 unused Assets to reduce memory usage. Loaded Objects now: 2387.
Total: 2.288121 ms (FindLiveObjects: 0.237637 ms CreateObjectMapping: 0.070887 ms MarkObjects: 1.863930 ms  DeleteObjects: 0.114217 ms)

========================================================================
Received Prepare
Registering precompiled user dll's ...
Registered in 0.000474 seconds.
Begin MonoManager ReloadAssembly
Native extension for OSXStandalone target not found
Refreshing native plugins compatible for Editor in 0.32 ms, found 2 plugins.
Preloading 0 native plugins for Editor in 0.00 ms.
Invoked RoslynAnalysisRunner static constructor.
RoslynAnalysisRunner will not be running.
RoslynAnalysisRunner has terminated.
Mono: successfully reloaded assembly
- Completed reload, in  0.847 seconds
Platform modules already initialized, skipping
Refreshing native plugins compatible for Editor in 0.33 ms, found 2 plugins.
Preloading 0 native plugins for Editor in 0.00 ms.
Unloading 1807 Unused Serialized files (Serialized files now loaded: 0)
System memory in use before: 197.5 MB.
System memory in use after: 197.5 MB.

Unloading 12 unused Assets to reduce memory usage. Loaded Objects now: 2391.
Total: 2.185047 ms (FindLiveObjects: 0.224671 ms CreateObjectMapping: 0.070460 ms MarkObjects: 1.758281 ms  DeleteObjects: 0.121008 ms)

========================================================================
Received Prepare
Registering precompiled user dll's ...
Registered in 0.000614 seconds.
Begin MonoManager ReloadAssembly
Native extension for OSXStandalone target not found
Refreshing native plugins compatible for Editor in 0.31 ms, found 2 plugins.
Preloading 0 native plugins for Editor in 0.00 ms.
Invoked RoslynAnalysisRunner static constructor.
RoslynAnalysisRunner will not be running.
RoslynAnalysisRunner has terminated.
Mono: successfully reloaded assembly
- Completed reload, in  0.772 seconds
Platform modules already initialized, skipping
Refreshing native plugins compatible for Editor in 0.26 ms, found 2 plugins.
Preloading 0 native plugins for Editor in 0.00 ms.
Unloading 1807 Unused Serialized files (Serialized files now loaded: 0)
System memory in use before: 197.6 MB.
System memory in use after: 197.6 MB.

Unloading 12 unused Assets to reduce memory usage. Loaded Objects now: 2395.
Total: 1.995464 ms (FindLiveObjects: 0.235785 ms CreateObjectMapping: 0.067311 ms MarkObjects: 1.594830 ms  DeleteObjects: 0.096087 ms)

========================================================================
Received Import Request.
  Time since last request: 481.670832 seconds.
  path: Assets/Prefabs/PlayerBullet.prefab
  artifactKey: Guid(11ceb99182879430aa10659bdcf56d49) Importer(815301076,1909f56bfc062723c751e8b465ee728b)
Start importing Assets/Prefabs/PlayerBullet.prefab using Guid(11ceb99182879430aa10659bdcf56d49) Importer(815301076,1909f56bfc062723c751e8b465ee728b)  -> (artifact id: '196d12d4c72361a7d475c2ee705b8041') in 0.074916 seconds
  Import took 0.078583 seconds .

========================================================================
Received Import Request.
  Time since last request: 7.716108 seconds.
  path: Assets/Prefabs/PlayerBullet.prefab
  artifactKey: Guid(11ceb99182879430aa10659bdcf56d49) Importer(815301076,1909f56bfc062723c751e8b465ee728b)
Start importing Assets/Prefabs/PlayerBullet.prefab using Guid(11ceb99182879430aa10659bdcf56d49) Importer(815301076,1909f56bfc062723c751e8b465ee728b)  -> (artifact id: 'b99bf3b46c3c28befa03deb166b3d4ef') in 0.017311 seconds
  Import took 0.022505 seconds .

========================================================================
Received Prepare
Registering precompiled user dll's ...
Registered in 0.001709 seconds.
Begin MonoManager ReloadAssembly
Native extension for OSXStandalone target not found
Refreshing native plugins compatible for Editor in 0.34 ms, found 2 plugins.
Preloading 0 native plugins for Editor in 0.00 ms.
Invoked RoslynAnalysisRunner static constructor.
RoslynAnalysisRunner will not be running.
RoslynAnalysisRunner has terminated.
Mono: successfully reloaded assembly
- Completed reload, in  1.082 seconds
Platform modules already initialized, skipping
Refreshing native plugins compatible for Editor in 0.31 ms, found 2 plugins.
Preloading 0 native plugins for Editor in 0.00 ms.
Unloading 1807 Unused Serialized files (Serialized files now loaded: 0)
System memory in use before: 197.9 MB.
System memory in use after: 197.9 MB.

Unloading 12 unused Assets to reduce memory usage. Loaded Objects now: 2400.
Total: 1.936433 ms (FindLiveObjects: 0.208267 ms CreateObjectMapping: 0.057580 ms MarkObjects: 1.579659 ms  DeleteObjects: 0.089810 ms)

========================================================================
Received Import Request.
  Time since last request: 144.152550 seconds.
  path: Assets/GameManager.cs
  artifactKey: Guid(a600a1c979bf24f97b4e6a3d5bb434bd) Importer(815301076,1909f56bfc062723c751e8b465ee728b)
Start importing Assets/GameManager.cs using Guid(a600a1c979bf24f97b4e6a3d5bb434bd) Importer(815301076,1909f56bfc062723c751e8b465ee728b)  -> (artifact id: 'b838624fda7faa3e222b1632c1f22781') in 0.232068 seconds
  Import took 0.235837 seconds .

========================================================================
Received Import Request.
  Time since last request: 5.152681 seconds.
  path: Assets/BulletScript.cs
  artifactKey: Guid(d0668258d72ce47c4a2cb98e41d900f1) Importer(815301076,1909f56bfc062723c751e8b465ee728b)
Start importing Assets/BulletScript.cs using Guid(d0668258d72ce47c4a2cb98e41d900f1) Importer(815301076,1909f56bfc062723c751e8b465ee728b)  -> (artifact id: '490caade3115224cb72874dba3b32512') in 0.001993 seconds
  Import took 0.005792 seconds .

========================================================================
Received Import Request.
  Time since last request: 0.002295 seconds.
  path: Assets/BulletScript.cs
  artifactKey: Guid(d0668258d72ce47c4a2cb98e41d900f1) Importer(815301076,1909f56bfc062723c751e8b465ee728b)
Start importing Assets/BulletScript.cs using Guid(d0668258d72ce47c4a2cb98e41d900f1) Importer(815301076,1909f56bfc062723c751e8b465ee728b)  -> (artifact id: '490caade3115224cb72874dba3b32512') in 0.002261 seconds
  Import took 0.005299 seconds .

========================================================================
Received Import Request.
  Time since last request: 1.285638 seconds.
  path: Assets/EnemyFormation.cs
  artifactKey: Guid(756b19c54614746f799d18b3da064933) Importer(815301076,1909f56bfc062723c751e8b465ee728b)
Start importing Assets/EnemyFormation.cs using Guid(756b19c54614746f799d18b3da064933) Importer(815301076,1909f56bfc062723c751e8b465ee728b)  -> (artifact id: '5af4348192166dbc97ce5bdcac309844') in 0.001795 seconds
  Import took 0.005591 seconds .

========================================================================
Received Prepare
Registering precompiled user dll's ...
Registered in 0.001149 seconds.
Begin MonoManager ReloadAssembly
Native extension for OSXStandalone target not found
Refreshing native plugins compatible for Editor in 0.32 ms, found 2 plugins.
Preloading 0 native plugins for Editor in 0.00 ms.
Invoked RoslynAnalysisRunner static constructor.
RoslynAnalysisRunner will not be running.
RoslynAnalysisRunner has terminated.
Mono: successfully reloaded assembly
- Completed reload, in  0.816 seconds
Platform modules already initialized, skipping
Refreshing native plugins compatible for Editor in 0.35 ms, found 2 plugins.
Preloading 0 native plugins for Editor in 0.00 ms.
Unloading 1807 Unused Serialized files (Serialized files now loaded: 0)
System memory in use before: 202.3 MB.
System memory in use after: 202.3 MB.

Unloading 12 unused Assets to reduce memory usage. Loaded Objects now: 2404.
Total: 2.266214 ms (FindLiveObjects: 0.212169 ms CreateObjectMapping: 0.060820 ms MarkObjects: 1.891522 ms  DeleteObjects: 0.100678 ms)

========================================================================
Received Prepare
Registering precompiled user dll's ...
Registered in 0.001247 seconds.
Begin MonoManager ReloadAssembly
Native extension for OSXStandalone target not found
Refreshing native plugins compatible for Editor in 0.32 ms, found 2 plugins.
Preloading 0 native plugins for Editor in 0.00 ms.
Invoked RoslynAnalysisRunner static constructor.
RoslynAnalysisRunner will not be running.
RoslynAnalysisRunner has terminated.
Mono: successfully reloaded assembly
- Completed reload, in  0.865 seconds
Platform modules already initialized, skipping
Refreshing native plugins compatible for Editor in 0.28 ms, found 2 plugins.
Preloading 0 native plugins for Editor in 0.00 ms.
Unloading 1807 Unused Serialized files (Serialized files now loaded: 0)
System memory in use before: 202.6 MB.
System memory in use after: 202.6 MB.

Unloading 12 unused Assets to reduce memory usage. Loaded Objects now: 2408.
Total: 2.271991 ms (FindLiveObjects: 0.284295 ms CreateObjectMapping: 0.077144 ms MarkObjects: 1.804735 ms  DeleteObjects: 0.104390 ms)

========================================================================
Received Prepare
Registering precompiled user dll's ...
Registered in 0.000590 seconds.
Begin MonoManager ReloadAssembly
Native extension for OSXStandalone target not found
Refreshing native plugins compatible for Editor in 0.34 ms, found 2 plugins.
Preloading 0 native plugins for Editor in 0.00 ms.
Invoked RoslynAnalysisRunner static constructor.
RoslynAnalysisRunner will not be running.
RoslynAnalysisRunner has terminated.
Mono: successfully reloaded assembly
- Completed reload, in  0.827 seconds
Platform modules already initialized, skipping
Refreshing native plugins compatible for Editor in 0.31 ms, found 2 plugins.
Preloading 0 native plugins for Editor in 0.00 ms.
Unloading 1807 Unused Serialized files (Serialized files now loaded: 0)
System memory in use before: 202.8 MB.
System memory in use after: 202.8 MB.

Unloading 12 unused Assets to reduce memory usage. Loaded Objects now: 2412.
Total: 1.914021 ms (FindLiveObjects: 0.220891 ms CreateObjectMapping: 0.062625 ms MarkObjects: 1.540410 ms  DeleteObjects: 0.089150 ms)

========================================================================
Received Prepare
Registering precompiled user dll's ...
Registered in 0.000648 seconds.
Begin MonoManager ReloadAssembly
Native extension for OSXStandalone target not found
Refreshing native plugins compatible for Editor in 0.31 ms, found 2 plugins.
Preloading 0 native plugins for Editor in 0.00 ms.
Invoked RoslynAnalysisRunner static constructor.
RoslynAnalysisRunner will not be running.
RoslynAnalysisRunner has terminated.
Mono: successfully reloaded assembly
- Completed reload, in  0.795 seconds
Platform modules already initialized, skipping
Refreshing native plugins compatible for Editor in 0.35 ms, found 2 plugins.
Preloading 0 native plugins for Editor in 0.00 ms.
Unloading 1807 Unused Serialized files (Serialized files now loaded: 0)
System memory in use before: 203.0 MB.
System memory in use after: 203.0 MB.

Unloading 12 unused Assets to reduce memory usage. Loaded Objects now: 2416.
Total: 2.253112 ms (FindLiveObjects: 0.364669 ms CreateObjectMapping: 0.134653 ms MarkObjects: 1.647118 ms  DeleteObjects: 0.104870 ms)

========================================================================
Received Prepare
Registering precompiled user dll's ...
Registered in 0.000621 seconds.
Begin MonoManager ReloadAssembly
Native extension for OSXStandalone target not found
Refreshing native plugins compatible for Editor in 0.32 ms, found 2 plugins.
Preloading 0 native plugins for Editor in 0.00 ms.
Invoked RoslynAnalysisRunner static constructor.
RoslynAnalysisRunner will not be running.
RoslynAnalysisRunner has terminated.
Mono: successfully reloaded assembly
- Completed reload, in  0.806 seconds
Platform modules already initialized, skipping
Refreshing native plugins compatible for Editor in 0.39 ms, found 2 plugins.
Preloading 0 native plugins for Editor in 0.00 ms.
Unloading 1807 Unused Serialized files (Serialized files now loaded: 0)
System memory in use before: 203.2 MB.
System memory in use after: 203.2 MB.

Unloading 12 unused Assets to reduce memory usage. Loaded Objects now: 2420.
Total: 2.221853 ms (FindLiveObjects: 0.204321 ms CreateObjectMapping: 0.062103 ms MarkObjects: 1.822270 ms  DeleteObjects: 0.132145 ms)

========================================================================
Received Prepare
Registering precompiled user dll's ...
Registered in 0.000531 seconds.
Begin MonoManager ReloadAssembly
Native extension for OSXStandalone target not found
Refreshing native plugins compatible for Editor in 0.31 ms, found 2 plugins.
Preloading 0 native plugins for Editor in 0.00 ms.
Invoked RoslynAnalysisRunner static constructor.
RoslynAnalysisRunner will not be running.
RoslynAnalysisRunner has terminated.
Mono: successfully reloaded assembly
- Completed reload, in  0.778 seconds
Platform modules already initialized, skipping
Refreshing native plugins compatible for Editor in 0.27 ms, found 2 plugins.
Preloading 0 native plugins for Editor in 0.00 ms.
Unloading 1807 Unused Serialized files (Serialized files now loaded: 0)
System memory in use before: 203.4 MB.
System memory in use after: 203.4 MB.

Unloading 12 unused Assets to reduce memory usage. Loaded Objects now: 2424.
Total: 1.906621 ms (FindLiveObjects: 0.350309 ms CreateObjectMapping: 0.054658 ms MarkObjects: 1.421057 ms  DeleteObjects: 0.079526 ms)

========================================================================
Received Prepare
Registering precompiled user dll's ...
Registered in 0.002682 seconds.
Begin MonoManager ReloadAssembly
Native extension for OSXStandalone target not found
Refreshing native plugins compatible for Editor in 0.31 ms, found 2 plugins.
Preloading 0 native plugins for Editor in 0.00 ms.
Invoked RoslynAnalysisRunner static constructor.
RoslynAnalysisRunner will not be running.
RoslynAnalysisRunner has terminated.
Mono: successfully reloaded assembly
- Completed reload, in  0.868 seconds
Platform modules already initialized, skipping
Refreshing native plugins compatible for Editor in 0.34 ms, found 2 plugins.
Preloading 0 native plugins for Editor in 0.00 ms.
Unloading 1807 Unused Serialized files (Serialized files now loaded: 0)
System memory in use before: 203.6 MB.
System memory in use after: 203.6 MB.

Unloading 12 unused Assets to reduce memory usage. Loaded Objects now: 2428.
Total: 2.486122 ms (FindLiveObjects: 0.242552 ms CreateObjectMapping: 0.091957 ms MarkObjects: 2.041499 ms  DeleteObjects: 0.108874 ms)

========================================================================
Received Import Request.
  Time since last request: 380.429657 seconds.
  path: Assets/Prefabs/PlayerBullet.prefab
  artifactKey: Guid(11ceb99182879430aa10659bdcf56d49) Importer(815301076,1909f56bfc062723c751e8b465ee728b)
Start importing Assets/Prefabs/PlayerBullet.prefab using Guid(11ceb99182879430aa10659bdcf56d49) Importer(815301076,1909f56bfc062723c751e8b465ee728b)  -> (artifact id: '9d580ca5d75d7d5f16d3d8f1d0b59871') in 0.072600 seconds
  Import took 0.075694 seconds .

========================================================================
Received Import Request.
  Time since last request: 14.406063 seconds.
  path: Assets/Prefabs/PlayerBullet.prefab
  artifactKey: Guid(11ceb99182879430aa10659bdcf56d49) Importer(815301076,1909f56bfc062723c751e8b465ee728b)
Start importing Assets/Prefabs/PlayerBullet.prefab using Guid(11ceb99182879430aa10659bdcf56d49) Importer(815301076,1909f56bfc062723c751e8b465ee728b)  -> (artifact id: 'ef82b4fea28849ab58b622523edbd9d1') in 0.017141 seconds
  Import took 0.022118 seconds .

========================================================================
Received Prepare
Registering precompiled user dll's ...
Registered in 0.000522 seconds.
Begin MonoManager ReloadAssembly
Native extension for OSXStandalone target not found
Refreshing native plugins compatible for Editor in 0.31 ms, found 2 plugins.
Preloading 0 native plugins for Editor in 0.00 ms.
Invoked RoslynAnalysisRunner static constructor.
RoslynAnalysisRunner will not be running.
RoslynAnalysisRunner has terminated.
Mono: successfully reloaded assembly
- Completed reload, in  0.755 seconds
Platform modules already initialized, skipping
Refreshing native plugins compatible for Editor in 0.29 ms, found 2 plugins.
Preloading 0 native plugins for Editor in 0.00 ms.
Unloading 1807 Unused Serialized files (Serialized files now loaded: 0)
System memory in use before: 203.8 MB.
System memory in use after: 203.8 MB.

Unloading 12 unused Assets to reduce memory usage. Loaded Objects now: 2433.
Total: 1.735648 ms (FindLiveObjects: 0.174244 ms CreateObjectMapping: 0.053579 ms MarkObjects: 1.426235 ms  DeleteObjects: 0.080640 ms)

========================================================================
Received Prepare
Registering precompiled user dll's ...
Registered in 0.000573 seconds.
Begin MonoManager ReloadAssembly
Native extension for OSXStandalone target not found
Refreshing native plugins compatible for Editor in 0.32 ms, found 2 plugins.
Preloading 0 native plugins for Editor in 0.00 ms.
Invoked RoslynAnalysisRunner static constructor.
RoslynAnalysisRunner will not be running.
RoslynAnalysisRunner has terminated.
Mono: successfully reloaded assembly
- Completed reload, in  0.759 seconds
Platform modules already initialized, skipping
Refreshing native plugins compatible for Editor in 0.33 ms, found 2 plugins.
Preloading 0 native plugins for Editor in 0.00 ms.
Unloading 1807 Unused Serialized files (Serialized files now loaded: 0)
System memory in use before: 204.0 MB.
System memory in use after: 204.0 MB.

Unloading 12 unused Assets to reduce memory usage. Loaded Objects now: 2437.
Total: 2.190937 ms (FindLiveObjects: 0.224191 ms CreateObjectMapping: 0.074263 ms MarkObjects: 1.792576 ms  DeleteObjects: 0.098954 ms)

========================================================================
Received Prepare
Registering precompiled user dll's ...
Registered in 0.001029 seconds.
Begin MonoManager ReloadAssembly
Native extension for OSXStandalone target not found
Refreshing native plugins compatible for Editor in 0.32 ms, found 2 plugins.
Preloading 0 native plugins for Editor in 0.00 ms.
Invoked RoslynAnalysisRunner static constructor.
RoslynAnalysisRunner will not be running.
RoslynAnalysisRunner has terminated.
Mono: successfully reloaded assembly
- Completed reload, in  0.861 seconds
Platform modules already initialized, skipping
Refreshing native plugins compatible for Editor in 0.31 ms, found 2 plugins.
Preloading 0 native plugins for Editor in 0.00 ms.
Unloading 1807 Unused Serialized files (Serialized files now loaded: 0)
System memory in use before: 204.2 MB.
System memory in use after: 204.2 MB.

Unloading 12 unused Assets to reduce memory usage. Loaded Objects now: 2441.
Total: 1.932217 ms (FindLiveObjects: 0.246067 ms CreateObjectMapping: 0.058535 ms MarkObjects: 1.533641 ms  DeleteObjects: 0.092929 ms)

========================================================================
Received Prepare
Registering precompiled user dll's ...
Registered in 0.001283 seconds.
Begin MonoManager ReloadAssembly
Native extension for OSXStandalone target not found
Refreshing native plugins compatible for Editor in 0.34 ms, found 2 plugins.
Preloading 0 native plugins for Editor in 0.00 ms.
Invoked RoslynAnalysisRunner static constructor.
RoslynAnalysisRunner will not be running.
RoslynAnalysisRunner has terminated.
Mono: successfully reloaded assembly
- Completed reload, in  0.789 seconds
Platform modules already initialized, skipping
Refreshing native plugins compatible for Editor in 0.30 ms, found 2 plugins.
Preloading 0 native plugins for Editor in 0.00 ms.
Unloading 1807 Unused Serialized files (Serialized files now loaded: 0)
System memory in use before: 204.4 MB.
System memory in use after: 204.4 MB.

Unloading 12 unused Assets to reduce memory usage. Loaded Objects now: 2445.
Total: 1.783868 ms (FindLiveObjects: 0.254481 ms CreateObjectMapping: 0.047673 ms MarkObjects: 1.398299 ms  DeleteObjects: 0.082738 ms)

========================================================================
Received Prepare
Registering precompiled user dll's ...
Registered in 0.001723 seconds.
Begin MonoManager ReloadAssembly
Native extension for OSXStandalone target not found
Refreshing native plugins compatible for Editor in 0.36 ms, found 2 plugins.
Preloading 0 native plugins for Editor in 0.00 ms.
Invoked RoslynAnalysisRunner static constructor.
RoslynAnalysisRunner will not be running.
RoslynAnalysisRunner has terminated.
Mono: successfully reloaded assembly
- Completed reload, in  0.803 seconds
Platform modules already initialized, skipping
Refreshing native plugins compatible for Editor in 0.41 ms, found 2 plugins.
Preloading 0 native plugins for Editor in 0.00 ms.
Unloading 1807 Unused Serialized files (Serialized files now loaded: 0)
System memory in use before: 204.6 MB.
System memory in use after: 204.6 MB.

Unloading 12 unused Assets to reduce memory usage. Loaded Objects now: 2449.
Total: 2.267611 ms (FindLiveObjects: 0.237316 ms CreateObjectMapping: 0.071438 ms MarkObjects: 1.849063 ms  DeleteObjects: 0.108326 ms)

========================================================================
Received Prepare
Registering precompiled user dll's ...
Registered in 0.004473 seconds.
Begin MonoManager ReloadAssembly
Native extension for OSXStandalone target not found
Refreshing native plugins compatible for Editor in 0.81 ms, found 2 plugins.
Preloading 0 native plugins for Editor in 0.00 ms.
Invoked RoslynAnalysisRunner static constructor.
RoslynAnalysisRunner will not be running.
RoslynAnalysisRunner has terminated.
Mono: successfully reloaded assembly
- Completed reload, in  2.088 seconds
Platform modules already initialized, skipping
Refreshing native plugins compatible for Editor in 0.39 ms, found 2 plugins.
Preloading 0 native plugins for Editor in 0.00 ms.
Unloading 1807 Unused Serialized files (Serialized files now loaded: 0)
System memory in use before: 204.8 MB.
System memory in use after: 204.8 MB.

Unloading 12 unused Assets to reduce memory usage. Loaded Objects now: 2453.
Total: 2.414157 ms (FindLiveObjects: 0.329070 ms CreateObjectMapping: 0.101735 ms MarkObjects: 1.857133 ms  DeleteObjects: 0.124865 ms)

========================================================================
Received Prepare
Registering precompiled user dll's ...
Registered in 0.001105 seconds.
Begin MonoManager ReloadAssembly
Native extension for OSXStandalone target not found
Refreshing native plugins compatible for Editor in 0.39 ms, found 2 plugins.
Preloading 0 native plugins for Editor in 0.00 ms.
Invoked RoslynAnalysisRunner static constructor.
RoslynAnalysisRunner will not be running.
RoslynAnalysisRunner has terminated.
Mono: successfully reloaded assembly
- Completed reload, in  0.834 seconds
Platform modules already initialized, skipping
Refreshing native plugins compatible for Editor in 0.31 ms, found 2 plugins.
Preloading 0 native plugins for Editor in 0.00 ms.
Unloading 1807 Unused Serialized files (Serialized files now loaded: 0)
System memory in use before: 205.0 MB.
System memory in use after: 205.0 MB.

Unloading 12 unused Assets to reduce memory usage. Loaded Objects now: 2457.
Total: 1.967089 ms (FindLiveObjects: 0.231671 ms CreateObjectMapping: 0.061312 ms MarkObjects: 1.579373 ms  DeleteObjects: 0.093185 ms)

========================================================================
Received Prepare
Registering precompiled user dll's ...
Registered in 0.001573 seconds.
Begin MonoManager ReloadAssembly
Native extension for OSXStandalone target not found
Refreshing native plugins compatible for Editor in 0.35 ms, found 2 plugins.
Preloading 0 native plugins for Editor in 0.00 ms.
Invoked RoslynAnalysisRunner static constructor.
RoslynAnalysisRunner will not be running.
RoslynAnalysisRunner has terminated.
Mono: successfully reloaded assembly
- Completed reload, in  0.767 seconds
Platform modules already initialized, skipping
Refreshing native plugins compatible for Editor in 0.30 ms, found 2 plugins.
Preloading 0 native plugins for Editor in 0.00 ms.
Unloading 1807 Unused Serialized files (Serialized files now loaded: 0)
System memory in use before: 205.1 MB.
System memory in use after: 205.2 MB.

Unloading 12 unused Assets to reduce memory usage. Loaded Objects now: 2461.
Total: 2.047145 ms (FindLiveObjects: 0.305019 ms CreateObjectMapping: 0.083076 ms MarkObjects: 1.563997 ms  DeleteObjects: 0.093288 ms)

========================================================================
Received Prepare
Registering precompiled user dll's ...
Registered in 0.001335 seconds.
Begin MonoManager ReloadAssembly
Native extension for OSXStandalone target not found
Refreshing native plugins compatible for Editor in 0.31 ms, found 2 plugins.
Preloading 0 native plugins for Editor in 0.00 ms.
Invoked RoslynAnalysisRunner static constructor.
RoslynAnalysisRunner will not be running.
RoslynAnalysisRunner has terminated.
Mono: successfully reloaded assembly
- Completed reload, in  0.909 seconds
Platform modules already initialized, skipping
Refreshing native plugins compatible for Editor in 0.26 ms, found 2 plugins.
Preloading 0 native plugins for Editor in 0.00 ms.
Unloading 1807 Unused Serialized files (Serialized files now loaded: 0)
System memory in use before: 205.4 MB.
System memory in use after: 205.4 MB.

Unloading 12 unused Assets to reduce memory usage. Loaded Objects now: 2465.
Total: 2.109845 ms (FindLiveObjects: 0.309945 ms CreateObjectMapping: 0.085763 ms MarkObjects: 1.612573 ms  DeleteObjects: 0.100147 ms)

